2024-04-04T14:42:56.993+09:00  INFO 10088 --- [restartedMain] c.o.crud.configuration.Application       : Starting Application using Java 17.0.10 with PID 10088 (C:\dev\lecture\Spring-boot\chap08-crud\build\classes\java\main started by hi in C:\dev\lecture\Spring-boot\chap08-crud)
2024-04-04T14:42:56.995+09:00  INFO 10088 --- [restartedMain] c.o.crud.configuration.Application       : No active profile set, falling back to 1 default profile: "default"
2024-04-04T14:42:57.032+09:00  INFO 10088 --- [restartedMain] .e.DevToolsPropertyDefaultsPostProcessor : Devtools property defaults active! Set 'spring.devtools.add-properties' to 'false' to disable
2024-04-04T14:42:57.032+09:00  INFO 10088 --- [restartedMain] .e.DevToolsPropertyDefaultsPostProcessor : For additional web related logging consider setting the 'logging.level.web' property to 'DEBUG'
2024-04-04T14:42:57.895+09:00  INFO 10088 --- [restartedMain] o.s.b.w.embedded.tomcat.TomcatWebServer  : Tomcat initialized with port 8080 (http)
2024-04-04T14:42:57.903+09:00  INFO 10088 --- [restartedMain] o.apache.catalina.core.StandardService   : Starting service [Tomcat]
2024-04-04T14:42:57.903+09:00  INFO 10088 --- [restartedMain] o.apache.catalina.core.StandardEngine    : Starting Servlet engine: [Apache Tomcat/10.1.19]
2024-04-04T14:42:57.946+09:00  INFO 10088 --- [restartedMain] o.a.c.c.C.[Tomcat].[localhost].[/]       : Initializing Spring embedded WebApplicationContext
2024-04-04T14:42:57.947+09:00  INFO 10088 --- [restartedMain] w.s.c.ServletWebServerApplicationContext : Root WebApplicationContext: initialization completed in 915 ms
2024-04-04T14:42:58.206+09:00  INFO 10088 --- [restartedMain] o.s.b.a.w.s.WelcomePageHandlerMapping    : Adding welcome page: class path resource [static/index.html]
2024-04-04T14:42:58.433+09:00  INFO 10088 --- [restartedMain] o.s.b.d.a.OptionalLiveReloadServer       : LiveReload server is running on port 35729
2024-04-04T14:42:58.464+09:00  INFO 10088 --- [restartedMain] o.s.b.w.embedded.tomcat.TomcatWebServer  : Tomcat started on port 8080 (http) with context path ''
2024-04-04T14:42:58.471+09:00  INFO 10088 --- [restartedMain] c.o.crud.configuration.Application       : Started Application in 1.821 seconds (process running for 2.262)
2024-04-04T14:43:06.913+09:00  INFO 10088 --- [http-nio-8080-exec-1] o.a.c.c.C.[Tomcat].[localhost].[/]       : Initializing Spring DispatcherServlet 'dispatcherServlet'
2024-04-04T14:43:06.914+09:00  INFO 10088 --- [http-nio-8080-exec-1] o.s.web.servlet.DispatcherServlet        : Initializing Servlet 'dispatcherServlet'
2024-04-04T14:43:06.914+09:00  INFO 10088 --- [http-nio-8080-exec-1] o.s.web.servlet.DispatcherServlet        : Completed initialization in 0 ms
2024-04-04T14:43:08.304+09:00  WARN 10088 --- [http-nio-8080-exec-3] actStandardFragmentInsertionTagProcessor : [THYMELEAF][http-nio-8080-exec-3][menu/regist] Deprecated unwrapped fragment expression "common/header.html" found in template menu/regist, line 8, col 10. Please use the complete syntax of fragment expressions instead ("~{common/header.html}"). The old, unwrapped syntax for fragment expressions will be removed in future versions of Thymeleaf.
2024-04-04T14:43:08.327+09:00  INFO 10088 --- [http-nio-8080-exec-4] com.zaxxer.hikari.HikariDataSource       : HikariPool-1 - Starting...
2024-04-04T14:43:08.531+09:00  INFO 10088 --- [http-nio-8080-exec-4] com.zaxxer.hikari.pool.HikariPool        : HikariPool-1 - Added connection com.mysql.cj.jdbc.ConnectionImpl@5f82382b
2024-04-04T14:43:08.533+09:00  INFO 10088 --- [http-nio-8080-exec-4] com.zaxxer.hikari.HikariDataSource       : HikariPool-1 - Start completed.
2024-04-04T14:43:20.813+09:00  INFO 10088 --- [http-nio-8080-exec-5] c.o.crud.menu.controller.MenuController  : menu : MenuDTO{menuCode=0, menuName='차돌된장찌개', menuPrice=8000, categoryCode=4, orderableStatus='Y'}
2024-04-04T14:43:20.814+09:00  WARN 10088 --- [http-nio-8080-exec-5] c.o.crud.menu.controller.MenuController  : menu : MenuDTO{menuCode=0, menuName='차돌된장찌개', menuPrice=8000, categoryCode=4, orderableStatus='Y'}
2024-04-04T14:43:20.815+09:00 ERROR 10088 --- [http-nio-8080-exec-5] c.o.crud.menu.controller.MenuController  : menu : MenuDTO{menuCode=0, menuName='차돌된장찌개', menuPrice=8000, categoryCode=4, orderableStatus='Y'}
2024-04-04T14:43:20.919+09:00  WARN 10088 --- [http-nio-8080-exec-6] o.t.s.p.StandardIncludeTagProcessor      : [THYMELEAF][http-nio-8080-exec-6][menu/list] Deprecated attribute {th:include,data-th-include} found in template menu/list, line 12, col 10. Please use {th:insert,data-th-insert} instead, this deprecated attribute will be removed in future versions of Thymeleaf.
2024-04-04T14:43:20.919+09:00  WARN 10088 --- [http-nio-8080-exec-6] actStandardFragmentInsertionTagProcessor : [THYMELEAF][http-nio-8080-exec-6][menu/list] Deprecated unwrapped fragment expression "common/header.html" found in template menu/list, line 12, col 10. Please use the complete syntax of fragment expressions instead ("~{common/header.html}"). The old, unwrapped syntax for fragment expressions will be removed in future versions of Thymeleaf.
2024-04-04T15:19:57.242+09:00  INFO 10088 --- [SpringApplicationShutdownHook] com.zaxxer.hikari.HikariDataSource       : HikariPool-1 - Shutdown initiated...
2024-04-04T15:19:57.249+09:00  INFO 10088 --- [SpringApplicationShutdownHook] com.zaxxer.hikari.HikariDataSource       : HikariPool-1 - Shutdown completed.
